<?xml version="1.0" encoding="UTF-8"?>
<!-- Generated by org.testng.reporters.JUnitReportReporter -->
<testsuite hostname="192.168.1.10" failures="0" tests="1" name="qaautomation.august2021.SwitchTest" time="62.070" errors="0" timestamp="25 Sep 2021 04:06:17 GMT" skipped="0">
  <testcase classname="qaautomation.august2021.SwitchTest" name="testMakeMyTrip" time="62.070"/>
</testsuite> <!-- qaautomation.august2021.SwitchTest -->
