<?xml version="1.0" encoding="UTF-8"?>
<!-- Generated by org.testng.reporters.JUnitReportReporter -->
<testsuite hostname="192.168.1.11" failures="0" tests="1" name="qaautomation.august2021.APITest" time="2.558" errors="0" timestamp="17 Sep 2021 12:38:16 GMT" skipped="0">
  <testcase classname="qaautomation.august2021.APITest" name="registerUsingFaker" time="2.558"/>
</testsuite> <!-- qaautomation.august2021.APITest -->
