<?xml version="1.0" encoding="UTF-8"?>
<!-- Generated by org.testng.reporters.JUnitReportReporter -->
<testsuite hostname="192.168.1.11" failures="0" tests="2" name="qaautomation.august2021.AppTest" time="162.313" errors="0" timestamp="14 Sep 2021 13:27:47 GMT" skipped="0">
  <testcase classname="qaautomation.august2021.AppTest" name="test1" time="105.836"/>
  <testcase classname="qaautomation.august2021.AppTest" name="test" time="56.477"/>
</testsuite> <!-- qaautomation.august2021.AppTest -->
