<?xml version="1.0" encoding="UTF-8"?>
<!-- Generated by org.testng.reporters.JUnitReportReporter -->
<testsuite hostname="192.168.1.11" failures="0" tests="4" name="qaautomation.august2021.SwitchTest" time="179.572" errors="0" timestamp="14 Sep 2021 13:27:47 GMT" skipped="0">
  <testcase classname="qaautomation.august2021.SwitchTest" name="testSwitchingWindow" time="43.935"/>
  <testcase classname="qaautomation.august2021.SwitchTest" name="testSwitchIframe" time="44.696"/>
  <testcase classname="qaautomation.august2021.SwitchTest" name="testForwardBackRefresh" time="44.401"/>
  <testcase classname="qaautomation.august2021.SwitchTest" name="testSwitching" time="46.540"/>
</testsuite> <!-- qaautomation.august2021.SwitchTest -->
