<?xml version="1.0" encoding="UTF-8"?>
<!-- Generated by org.testng.reporters.JUnitReportReporter -->
<testsuite hostname="192.168.1.11" failures="0" tests="1" name="qaautomation.august2021.FailedTest" time="80.809" errors="0" timestamp="14 Sep 2021 13:27:47 GMT" skipped="0">
  <testcase classname="qaautomation.august2021.FailedTest" name="test1" time="80.809"/>
</testsuite> <!-- qaautomation.august2021.FailedTest -->
